<?xml version="1.0" encoding="UTF-8"?>
<testng-results ignored="0" total="1" passed="1" failed="0" skipped="0">
  <reporter-output>
  </reporter-output>
  <suite started-at="2025-03-16T10:42:01 IST" name="Default suite" finished-at="2025-03-16T10:42:15 IST" duration-ms="14446">
    <groups>
    </groups>
    <test started-at="2025-03-16T10:42:01 IST" name="Default test" finished-at="2025-03-16T10:42:15 IST" duration-ms="14446">
      <class name="testscripts.CreateAssessmentTest">
        <test-method is-config="true" signature="setup()[pri:0, instance:testscripts.CreateAssessmentTest@c333c60]" started-at="2025-03-16T10:42:01 IST" name="setup" finished-at="2025-03-16T10:42:04 IST" duration-ms="3175" status="PASS">
          <reporter-output>
          </reporter-output>
        </test-method> <!-- setup -->
        <test-method signature="verifyCreateAssessment()[pri:0, instance:testscripts.CreateAssessmentTest@c333c60]" started-at="2025-03-16T10:42:04 IST" name="verifyCreateAssessment" finished-at="2025-03-16T10:42:15 IST" duration-ms="11256" status="PASS">
          <reporter-output>
          </reporter-output>
        </test-method> <!-- verifyCreateAssessment -->
      </class> <!-- testscripts.CreateAssessmentTest -->
    </test> <!-- Default test -->
  </suite> <!-- Default suite -->
</testng-results>
